Analyzing muon...

  error - integration_test/app_test.dart:14:16 - The function 'run' isn't defined. Try importing the library that defines 'run', correcting the name to the name of an existing function, or defining a function named 'run'. - undefined_function
  error - lib/actions/addvoice.dart:30:27 - A value of type 'Null' can't be assigned to a variable of type 'AudioPlayer'. Try changing the type of the variable, or casting the right-hand type to 'AudioPlayer'. - invalid_assignment
  error - lib/actions/movenote.dart:50:3 - Non-nullable instance field 'cachedProjectTimeUnitsPerBeat' must be initialized. Try adding an initializer expression, or add a field initializer in this constructor, or mark it 'late'. - not_initialized_non_nullable_instance_field
  error - lib/actions/removevoice.dart:26:27 - A value of type 'Null' can't be assigned to a variable of type 'AudioPlayer'. Try changing the type of the variable, or casting the right-hand type to 'AudioPlayer'. - invalid_assignment
  error - lib/actions/renamenote.dart:27:20 - A value of type 'String?' can't be assigned to a variable of type 'String'. Try changing the type of the variable, or casting the right-hand type to 'String'. - invalid_assignment
  error - lib/actions/renamenote.dart:33:20 - A value of type 'String?' can't be assigned to a variable of type 'String'. Try changing the type of the variable, or casting the right-hand type to 'String'. - invalid_assignment
  error - lib/actions/retimenote.dart:42:3 - Non-nullable instance field 'cachedProjectTimeUnitsPerBeat' must be initialized. Try adding an initializer expression, or add a field initializer in this constructor, or mark it 'late'. - not_initialized_non_nullable_instance_field
  error - lib/controllers/muonnote.dart:9:23 - Non-nullable instance field 'voice' must be initialized. Try adding an initializer expression, or a generative constructor that initializes it, or mark it 'late'. - not_initialized_non_nullable_instance_field
  error - lib/controllers/muonproject.dart:97:9 - Non-nullable instance field 'playbackTimer' must be initialized. Try adding an initializer expression, or a generative constructor that initializes it, or mark it 'late'. - not_initialized_non_nullable_instance_field
  error - lib/controllers/muonproject.dart:101:21 - A value of type 'Null' can't be assigned to a variable of type 'Timer'. Try changing the type of the variable, or casting the right-hand type to 'Timer'. - invalid_assignment
  error - lib/controllers/muonproject.dart:218:29 - A value of type 'Null' can't be assigned to a variable of type 'AudioPlayer'. Try changing the type of the variable, or casting the right-hand type to 'AudioPlayer'. - invalid_assignment
  error - lib/controllers/muonproject.dart:226:45 - A value of type 'bool?' can't be assigned to a variable of type 'bool'. Try changing the type of the variable, or casting the right-hand type to 'bool'. - invalid_assignment
  error - lib/controllers/muonproject.dart:399:60 - The argument type 'int?' can't be assigned to the parameter type 'num'.  - argument_type_not_assignable
  error - lib/controllers/muonproject.dart:413:44 - A value of type 'MidiEvent' can't be assigned to a variable of type 'SetTempoEvent'. Try changing the type of the variable, or casting the right-hand type to 'SetTempoEvent'. - invalid_assignment
  error - lib/controllers/muonproject.dart:422:51 - A value of type 'MidiEvent' can't be assigned to a variable of type 'TimeSignatureEvent'. Try changing the type of the variable, or casting the right-hand type to 'TimeSignatureEvent'. - invalid_assignment
  error - lib/controllers/muonproject.dart:431:18 - The non-nullable local variable 'lastNoteOn' must be assigned before it can be used. Try giving it an initializer expression, or ensure that it's assigned on every execution path. - not_assigned_potentially_non_nullable_local_variable
  error - lib/controllers/muonproject.dart:433:39 - The non-nullable local variable 'lastNoteOn' must be assigned before it can be used. Try giving it an initializer expression, or ensure that it's assigned on every execution path. - not_assigned_potentially_non_nullable_local_variable
  error - lib/controllers/muonproject.dart:434:32 - The non-nullable local variable 'lastNoteOn' must be assigned before it can be used. Try giving it an initializer expression, or ensure that it's assigned on every execution path. - not_assigned_potentially_non_nullable_local_variable
  error - lib/controllers/muonproject.dart:440:30 - A value of type 'Null' can't be assigned to a variable of type 'NoteOnEvent'. Try changing the type of the variable, or casting the right-hand type to 'NoteOnEvent'. - invalid_assignment
  error - lib/controllers/muonproject.dart:443:41 - A value of type 'MidiEvent' can't be assigned to a variable of type 'NoteOnEvent'. Try changing the type of the variable, or casting the right-hand type to 'NoteOnEvent'. - invalid_assignment
  error - lib/controllers/muonproject.dart:451:18 - The non-nullable local variable 'lastNoteOn' must be assigned before it can be used. Try giving it an initializer expression, or ensure that it's assigned on every execution path. - not_assigned_potentially_non_nullable_local_variable
  error - lib/controllers/muonproject.dart:452:97 - The non-nullable local variable 'lastNoteOn' must be assigned before it can be used. Try giving it an initializer expression, or ensure that it's assigned on every execution path. - not_assigned_potentially_non_nullable_local_variable
  error - lib/controllers/muonproject.dart:454:41 - The non-nullable local variable 'lastNoteOn' must be assigned before it can be used. Try giving it an initializer expression, or ensure that it's assigned on every execution path. - not_assigned_potentially_non_nullable_local_variable
  error - lib/controllers/muonproject.dart:455:34 - The non-nullable local variable 'lastNoteOn' must be assigned before it can be used. Try giving it an initializer expression, or ensure that it's assigned on every execution path. - not_assigned_potentially_non_nullable_local_variable
  error - lib/controllers/muonproject.dart:461:32 - A value of type 'Null' can't be assigned to a variable of type 'NoteOnEvent'. Try changing the type of the variable, or casting the right-hand type to 'NoteOnEvent'. - invalid_assignment
  error - lib/controllers/muonvoice.dart:17:25 - Non-nullable instance field 'project' must be initialized. Try adding an initializer expression, or a generative constructor that initializes it, or mark it 'late'. - not_initialized_non_nullable_instance_field
  error - lib/controllers/muonvoice.dart:202:15 - Non-nullable instance field 'audioPlayer' must be initialized. Try adding an initializer expression, or a generative constructor that initializes it, or mark it 'late'. - not_initialized_non_nullable_instance_field
  error - lib/controllers/muonvoice.dart:204:48 - The parameter 'playPos' can't have a value of 'null' because of its type, but the implicit default value is 'null'. Try adding an explicit non-'null' default value. - missing_default_value_for_parameter
  error - lib/controllers/muonvoice.dart:216:21 - A value of type 'Null' can't be assigned to a variable of type 'AudioPlayer'. Try changing the type of the variable, or casting the right-hand type to 'AudioPlayer'. - invalid_assignment
  error - lib/controllers/muonvoice.dart:222:41 - The parameter 'project' can't have a value of 'null' because of its type, but the implicit default value is 'null'. Try adding an explicit non-'null' default value. - missing_default_value_for_parameter
  error - lib/controllers/muonvoice.dart:233:85 - The parameter 'project' can't have a value of 'null' because of its type, but the implicit default value is 'null'. Try adding an explicit non-'null' default value. - missing_default_value_for_parameter
  error - lib/controllers/muonvoice.g.dart:142:48 - The parameter 'playPos' can't have a value of 'null' because of its type, but the implicit default value is 'null'. Try adding an explicit non-'null' default value. - missing_default_value_for_parameter
  error - lib/controllers/muonvoice.g.dart:147:41 - The parameter 'project' can't have a value of 'null' because of its type, but the implicit default value is 'null'. Try adding an explicit non-'null' default value. - missing_default_value_for_parameter
  error - lib/editor.dart:71:46 - The getter 'errorColor' isn't defined for the type 'ThemeData'. Try importing the library that defines 'errorColor', correcting the name to the name of an existing getter, or defining a getter or field named 'errorColor'. - undefined_getter
  error - lib/editor.dart:146:57 - The getter 'errorColor' isn't defined for the type 'ThemeData'. Try importing the library that defines 'errorColor', correcting the name to the name of an existing getter, or defining a getter or field named 'errorColor'. - undefined_getter
  error - lib/editor.dart:281:53 - The argument type 'Map<MuonNoteController, bool>' can't be assigned to the parameter type 'SynapsMap<MuonNoteController, bool>'.  - argument_type_not_assignable
  error - lib/logic/japanese.dart:213:12 - A value of type 'List<String?>' can't be returned from the method 'alphabetToHiragana' because it has a return type of 'List<String>'. - return_of_invalid_type
  error - lib/logic/musicxml.dart:28:3 - Non-nullable instance field 'absoluteTime' must be initialized. Try adding an initializer expression, or add a field initializer in this constructor, or mark it 'late'. - not_initialized_non_nullable_instance_field
  error - lib/logic/musicxml.dart:28:3 - Non-nullable instance field 'lastDivision' must be initialized. Try adding an initializer expression, or add a field initializer in this constructor, or mark it 'late'. - not_initialized_non_nullable_instance_field
  error - lib/logic/musicxml.dart:28:3 - Non-nullable instance field 'lastTempo' must be initialized. Try adding an initializer expression, or add a field initializer in this constructor, or mark it 'late'. - not_initialized_non_nullable_instance_field
  error - lib/logic/musicxml.dart:28:3 - Non-nullable instance field 'lastTimeSignature' must be initialized. Try adding an initializer expression, or add a field initializer in this constructor, or mark it 'late'. - not_initialized_non_nullable_instance_field
  error - lib/logic/musicxml.dart:28:3 - Non-nullable instance field 'time' must be initialized. Try adding an initializer expression, or add a field initializer in this constructor, or mark it 'late'. - not_initialized_non_nullable_instance_field
  error - lib/logic/musicxml.dart:30:19 - A value of type 'MusicXMLEvent' can't be assigned to a variable of type 'MusicXMLEventTempo'. Try changing the type of the variable, or casting the right-hand type to 'MusicXMLEventTempo'. - invalid_assignment
           - 'this' can't be promoted.  See http://dart.dev/go/non-promo-this at lib/logic/musicxml.dart:30:19.
  error - lib/logic/musicxml.dart:37:27 - A value of type 'MusicXMLEvent' can't be assigned to a variable of type 'MusicXMLEventTimeSignature'. Try changing the type of the variable, or casting the right-hand type to 'MusicXMLEventTimeSignature'. - invalid_assignment
           - 'this' can't be promoted.  See http://dart.dev/go/non-promo-this at lib/logic/musicxml.dart:37:27.
  error - lib/logic/musicxml.dart:44:22 - A value of type 'MusicXMLEvent' can't be assigned to a variable of type 'MusicXMLEventDivision'. Try changing the type of the variable, or casting the right-hand type to 'MusicXMLEventDivision'. - invalid_assignment
           - 'this' can't be promoted.  See http://dart.dev/go/non-promo-this at lib/logic/musicxml.dart:44:22.
  error - lib/logic/musicxml.dart:62:3 - Non-nullable instance field 'divisions' must be initialized. Try adding an initializer expression, or add a field initializer in this constructor, or mark it 'late'. - not_initialized_non_nullable_instance_field
  error - lib/logic/musicxml.dart:71:3 - Non-nullable instance field 'tempo' must be initialized. Try adding an initializer expression, or add a field initializer in this constructor, or mark it 'late'. - not_initialized_non_nullable_instance_field
  error - lib/logic/musicxml.dart:78:3 - Non-nullable instance field 'beatType' must be initialized. Try adding an initializer expression, or add a field initializer in this constructor, or mark it 'late'. - not_initialized_non_nullable_instance_field
  error - lib/logic/musicxml.dart:78:3 - Non-nullable instance field 'beats' must be initialized. Try adding an initializer expression, or add a field initializer in this constructor, or mark it 'late'. - not_initialized_non_nullable_instance_field
  error - lib/logic/musicxml.dart:91:7 - Non-nullable instance field 'octave' must be initialized. Try adding an initializer expression, or a generative constructor that initializes it, or mark it 'late'. - not_initialized_non_nullable_instance_field
  error - lib/logic/musicxml.dart:92:10 - Non-nullable instance field 'note' must be initialized. Try adding an initializer expression, or a generative constructor that initializes it, or mark it 'late'. - not_initialized_non_nullable_instance_field
  error - lib/logic/musicxml.dart:108:3 - Non-nullable instance field 'voice' must be initialized. Try adding an initializer expression, or add a field initializer in this constructor, or mark it 'late'. - not_initialized_non_nullable_instance_field
  error - lib/logic/musicxml.dart:120:3 - Non-nullable instance field 'lyric' must be initialized. Try adding an initializer expression, or add a field initializer in this constructor, or mark it 'late'. - not_initialized_non_nullable_instance_field
  error - lib/logic/musicxml.dart:120:3 - Non-nullable instance field 'pitch' must be initialized. Try adding an initializer expression, or add a field initializer in this constructor, or mark it 'late'. - not_initialized_non_nullable_instance_field
  error - lib/logic/musicxml.dart:134:10 - Non-nullable instance field 'noteType' must be initialized. Try adding an initializer expression, or a generative constructor that initializes it, or mark it 'late'. - not_initialized_non_nullable_instance_field
  error - lib/logic/musicxml.dart:135:7 - Non-nullable instance field 'dots' must be initialized. Try adding an initializer expression, or a generative constructor that initializes it, or mark it 'late'. - not_initialized_non_nullable_instance_field
  error - lib/logic/musicxml.dart:136:10 - Non-nullable instance field 'beats' must be initialized. Try adding an initializer expression, or a generative constructor that initializes it, or mark it 'late'. - not_initialized_non_nullable_instance_field
  error - lib/logic/musicxml.dart:169:22 - Non-nullable instance field 'lastTempo' must be initialized. Try adding an initializer expression, or a generative constructor that initializes it, or mark it 'late'. - not_initialized_non_nullable_instance_field
  error - lib/logic/musicxml.dart:170:30 - Non-nullable instance field 'lastTimeSignature' must be initialized. Try adding an initializer expression, or a generative constructor that initializes it, or mark it 'late'. - not_initialized_non_nullable_instance_field
  error - lib/logic/musicxml.dart:171:25 - Non-nullable instance field 'lastDivision' must be initialized. Try adding an initializer expression, or a generative constructor that initializes it, or mark it 'late'. - not_initialized_non_nullable_instance_field
  error - lib/logic/musicxml.dart:172:21 - Non-nullable instance field 'lastNote' must be initialized. Try adding an initializer expression, or a generative constructor that initializes it, or mark it 'late'. - not_initialized_non_nullable_instance_field
  error - lib/logic/musicxml.dart:335:12 - A value of type 'Null' can't be returned from the method '_getChildElement' because it has a return type of 'Element'. - return_of_invalid_type
  error - lib/logic/musicxml.dart:341:14 - A value of type 'String?' can't be returned from the method '_getChildText' because it has a return type of 'String'. - return_of_invalid_type
  error - lib/logic/musicxml.dart:351:16 - A value of type 'String?' can't be returned from the method '_getChildAttributeText' because it has a return type of 'String'. - return_of_invalid_type
  error - lib/logic/musicxml.dart:369:54 - The argument type 'String?' can't be assigned to the parameter type 'String'.  - argument_type_not_assignable
  error - lib/logic/musicxml.dart:372:57 - The argument type 'String?' can't be assigned to the parameter type 'String'.  - argument_type_not_assignable
  error - lib/logic/musicxml.dart:380:50 - The argument type 'String?' can't be assigned to the parameter type 'String'.  - argument_type_not_assignable
  error - lib/logic/musicxml.dart:397:51 - The argument type 'String?' can't be assigned to the parameter type 'String'.  - argument_type_not_assignable
  error - lib/logic/musicxml.dart:406:45 - The argument type 'String?' can't be assigned to the parameter type 'String'.  - argument_type_not_assignable
  error - lib/logic/musicxml.dart:417:44 - The argument type 'String?' can't be assigned to the parameter type 'String'.  - argument_type_not_assignable
  error - lib/logic/musicxml.dart:637:31 - A value of type 'String?' can't be assigned to a variable of type 'String'. Try changing the type of the variable, or casting the right-hand type to 'String'. - invalid_assignment
  error - lib/logic/musicxml.dart:643:33 - A value of type 'String?' can't be assigned to a variable of type 'String'. Try changing the type of the variable, or casting the right-hand type to 'String'. - invalid_assignment
  error - lib/logic/musicxml.dart:648:33 - A value of type 'String?' can't be assigned to a variable of type 'String'. Try changing the type of the variable, or casting the right-hand type to 'String'. - invalid_assignment
  error - lib/logic/musicxml.dart:653:33 - A value of type 'String?' can't be assigned to a variable of type 'String'. Try changing the type of the variable, or casting the right-hand type to 'String'. - invalid_assignment
  error - lib/logic/musicxml.dart:659:14 - A value of type 'Null' can't be returned from the function 'resolveNote' because it has a return type of '_NoteResolution'. - return_of_invalid_type
  error - lib/logic/musicxml.dart:684:33 - A value of type 'String?' can't be assigned to a variable of type 'String'. Try changing the type of the variable, or casting the right-hand type to 'String'. - invalid_assignment
  error - lib/logic/musicxml.dart:691:33 - A value of type 'String?' can't be assigned to a variable of type 'String'. Try changing the type of the variable, or casting the right-hand type to 'String'. - invalid_assignment
  error - lib/logic/musicxml.dart:698:33 - A value of type 'String?' can't be assigned to a variable of type 'String'. Try changing the type of the variable, or casting the right-hand type to 'String'. - invalid_assignment
  error - lib/logic/musicxml.dart:705:33 - A value of type 'String?' can't be assigned to a variable of type 'String'. Try changing the type of the variable, or casting the right-hand type to 'String'. - invalid_assignment
  error - lib/logic/musicxml.dart:710:14 - A value of type 'Null' can't be returned from the function 'resolveNoteFallback' because it has a return type of '_NoteResolution'. - return_of_invalid_type
  error - lib/logic/musicxml.dart:723:14 - A value of type 'Null' can't be returned from the function 'resolveNoteFallbackDiscrete' because it has a return type of '_NoteResolution'. - return_of_invalid_type
  error - lib/logic/musicxml.dart:796:50 - The argument type 'num' can't be assigned to the parameter type 'double'.  - argument_type_not_assignable
  error - lib/logic/musicxml.dart:856:50 - The argument type 'num' can't be assigned to the parameter type 'double'.  - argument_type_not_assignable
  error - lib/pianoroll/modules/notes.dart:35:3 - Non-nullable instance field '_internalDragFirstNote' must be initialized. Try adding an initializer expression, or add a field initializer in this constructor, or mark it 'late'. - not_initialized_non_nullable_instance_field
  error - lib/pianoroll/modules/notes.dart:35:3 - Non-nullable instance field 'noteDragOriginalData' must be initialized. Try adding an initializer expression, or add a field initializer in this constructor, or mark it 'late'. - not_initialized_non_nullable_instance_field
  error - lib/pianoroll/modules/notes.dart:36:20 - With null safety, use the 'required' keyword, not the '@required' annotation. Try removing the '@'. - missing_default_value_for_parameter
  error - lib/pianoroll/modules/notes.dart:42:10 - A nullable expression can't be used as a condition. Try checking that the value isn't 'null' before using it as a condition. - unchecked_use_of_nullable_value
  error - lib/pianoroll/modules/notes.dart:72:37 - The argument type 'num' can't be assigned to the parameter type 'double'.  - argument_type_not_assignable
  error - lib/pianoroll/modules/notes.dart:72:49 - The argument type 'num' can't be assigned to the parameter type 'double'.  - argument_type_not_assignable
  error - lib/pianoroll/modules/notes.dart:78:12 - A value of type 'Null' can't be returned from the method 'getNoteAtScreenPos' because it has a return type of 'MuonNoteController'. - return_of_invalid_type
  error - lib/pianoroll/modules/notes.dart:149:40 - A nullable expression can't be used as a condition. Try checking that the value isn't 'null' before using it as a condition. - unchecked_use_of_nullable_value
  error - lib/pianoroll/modules/notes.dart:160:35 - A value of type 'RenderObject?' can't be assigned to a variable of type 'RenderBox'. Try changing the type of the variable, or casting the right-hand type to 'RenderBox'. - invalid_assignment
  error - lib/pianoroll/modules/notes.dart:205:59 - A value of type 'String?' can't be assigned to a variable of type 'String'. Try changing the type of the variable, or casting the right-hand type to 'String'. - invalid_assignment
  error - lib/pianoroll/modules/notes.dart:226:46 - A value of type 'String?' can't be assigned to a variable of type 'String'. Try changing the type of the variable, or casting the right-hand type to 'String'. - invalid_assignment
  error - lib/pianoroll/modules/notes.dart:264:10 - A nullable expression can't be used as a condition. Try checking that the value isn't 'null' before using it as a condition. - unchecked_use_of_nullable_value
  error - lib/pianoroll/modules/notes.dart:285:49 - The argument type 'num' can't be assigned to the parameter type 'double'.  - argument_type_not_assignable
  error - lib/pianoroll/modules/notes.dart:286:38 - The property 'startAtTime' can't be unconditionally accessed because the receiver can be 'null'. Try making the access conditional (using '?.') or adding a null check to the target ('!'). - unchecked_use_of_nullable_value
  error - lib/pianoroll/modules/notes.dart:286:70 - The property 'duration' can't be unconditionally accessed because the receiver can be 'null'. Try making the access conditional (using '?.') or adding a null check to the target ('!'). - unchecked_use_of_nullable_value
  error - lib/pianoroll/modules/notes.dart:293:125 - The property 'note' can't be unconditionally accessed because the receiver can be 'null'. Try making the access conditional (using '?.') or adding a null check to the target ('!'). - unchecked_use_of_nullable_value
  error - lib/pianoroll/modules/notes.dart:293:148 - The property 'octave' can't be unconditionally accessed because the receiver can be 'null'. Try making the access conditional (using '?.') or adding a null check to the target ('!'). - unchecked_use_of_nullable_value
  error - lib/pianoroll/modules/notes.dart:298:61 - The argument type 'num' can't be assigned to the parameter type 'double'.  - argument_type_not_assignable
  error - lib/pianoroll/modules/notes.dart:311:10 - A nullable expression can't be used as a condition. Try checking that the value isn't 'null' before using it as a condition. - unchecked_use_of_nullable_value
  error - lib/pianoroll/modules/notes.dart:314:72 - The property 'duration' can't be unconditionally accessed because the receiver can be 'null'. Try making the access conditional (using '?.') or adding a null check to the target ('!'). - unchecked_use_of_nullable_value
  error - lib/pianoroll/modules/notes.dart:323:81 - The property 'startAtTime' can't be unconditionally accessed because the receiver can be 'null'. Try making the access conditional (using '?.') or adding a null check to the target ('!'). - unchecked_use_of_nullable_value
  error - lib/pianoroll/modules/notes.dart:328:68 - The property 'note' can't be unconditionally accessed because the receiver can be 'null'. Try making the access conditional (using '?.') or adding a null check to the target ('!'). - unchecked_use_of_nullable_value
  error - lib/pianoroll/modules/notes.dart:329:70 - The property 'octave' can't be unconditionally accessed because the receiver can be 'null'. Try making the access conditional (using '?.') or adding a null check to the target ('!'). - unchecked_use_of_nullable_value
  error - lib/pianoroll/modules/notes.dart:347:12 - A nullable expression can't be used as a condition. Try checking that the value isn't 'null' before using it as a condition. - unchecked_use_of_nullable_value
  error - lib/pianoroll/modules/notes.dart:349:82 - The property 'startAtTime' can't be unconditionally accessed because the receiver can be 'null'. Try making the access conditional (using '?.') or adding a null check to the target ('!'). - unchecked_use_of_nullable_value
  error - lib/pianoroll/modules/notes.dart:350:117 - The property 'note' can't be unconditionally accessed because the receiver can be 'null'. Try making the access conditional (using '?.') or adding a null check to the target ('!'). - unchecked_use_of_nullable_value
  error - lib/pianoroll/modules/notes.dart:350:154 - The property 'octave' can't be unconditionally accessed because the receiver can be 'null'. Try making the access conditional (using '?.') or adding a null check to the target ('!'). - unchecked_use_of_nullable_value
  error - lib/pianoroll/modules/notes.dart:351:83 - The property 'duration' can't be unconditionally accessed because the receiver can be 'null'. Try making the access conditional (using '?.') or adding a null check to the target ('!'). - unchecked_use_of_nullable_value
  error - lib/pianoroll/modules/notes.dart:372:30 - A value of type 'Null' can't be assigned to a variable of type 'MuonNoteController'. Try changing the type of the variable, or casting the right-hand type to 'MuonNoteController'. - invalid_assignment
  error - lib/pianoroll/modules/notes.dart:419:14 - A nullable expression can't be used as a condition. Try checking that the value isn't 'null' before using it as a condition. - unchecked_use_of_nullable_value
  error - lib/pianoroll/modules/notes.dart:472:12 - A nullable expression can't be used as a condition. Try checking that the value isn't 'null' before using it as a condition. - unchecked_use_of_nullable_value
  error - lib/pianoroll/modules/notes.dart:490:12 - A nullable expression can't be used as a condition. Try checking that the value isn't 'null' before using it as a condition. - unchecked_use_of_nullable_value
  error - lib/pianoroll/modules/notes.dart:496:10 - The non-nullable local variable 'lastNote' must be assigned before it can be used. Try giving it an initializer expression, or ensure that it's assigned on every execution path. - not_assigned_potentially_non_nullable_local_variable
  error - lib/pianoroll/modules/notes.dart:508:12 - A nullable expression can't be used as a condition. Try checking that the value isn't 'null' before using it as a condition. - unchecked_use_of_nullable_value
  error - lib/pianoroll/modules/notes.dart:514:10 - The non-nullable local variable 'lastNote' must be assigned before it can be used. Try giving it an initializer expression, or ensure that it's assigned on every execution path. - not_assigned_potentially_non_nullable_local_variable
  error - lib/pianoroll/modules/notes.dart:528:12 - A nullable expression can't be used as a condition. Try checking that the value isn't 'null' before using it as a condition. - unchecked_use_of_nullable_value
  error - lib/pianoroll/modules/notes.dart:534:10 - The non-nullable local variable 'lastNote' must be assigned before it can be used. Try giving it an initializer expression, or ensure that it's assigned on every execution path. - not_assigned_potentially_non_nullable_local_variable
  error - lib/pianoroll/modules/notes.dart:546:12 - A nullable expression can't be used as a condition. Try checking that the value isn't 'null' before using it as a condition. - unchecked_use_of_nullable_value
  error - lib/pianoroll/modules/notes.dart:552:10 - The non-nullable local variable 'lastNote' must be assigned before it can be used. Try giving it an initializer expression, or ensure that it's assigned on every execution path. - not_assigned_potentially_non_nullable_local_variable
  error - lib/pianoroll/modules/notes.dart:573:48 - A nullable expression can't be used as a condition. Try checking that the value isn't 'null' before using it as a condition. - unchecked_use_of_nullable_value
  error - lib/pianoroll/modules/waila.dart:37:62 - The argument type 'num' can't be assigned to the parameter type 'double'.  - argument_type_not_assignable
  error - lib/pianoroll/modules/waila.dart:43:51 - The argument type 'num' can't be assigned to the parameter type 'double'.  - argument_type_not_assignable
  error - lib/pianoroll/pianoroll.dart:17:10 - Non-nullable instance field 'note' must be initialized. Try adding an initializer expression, or a generative constructor that initializes it, or mark it 'late'. - not_initialized_non_nullable_instance_field
  error - lib/pianoroll/pianoroll.dart:18:7 - Non-nullable instance field 'octave' must be initialized. Try adding an initializer expression, or a generative constructor that initializes it, or mark it 'late'. - not_initialized_non_nullable_instance_field
  error - lib/pianoroll/pianoroll.dart:22:20 - Non-nullable instance field 'painter' must be initialized. Try adding an initializer expression, or a generative constructor that initializes it, or mark it 'late'. - not_initialized_non_nullable_instance_field
  error - lib/pianoroll/pianoroll.dart:23:19 - Non-nullable instance field 'state' must be initialized. Try adding an initializer expression, or a generative constructor that initializes it, or mark it 'late'. - not_initialized_non_nullable_instance_field
  error - lib/pianoroll/pianoroll.dart:32:19 - Non-nullable instance field '_state' must be initialized. Try adding an initializer expression, or a generative constructor that initializes it, or mark it 'late'. - not_initialized_non_nullable_instance_field
  error - lib/pianoroll/pianoroll.dart:34:20 - Non-nullable instance field '_painter' must be initialized. Try adding an initializer expression, or a generative constructor that initializes it, or mark it 'late'. - not_initialized_non_nullable_instance_field
  error - lib/pianoroll/pianoroll.dart:36:16 - Non-nullable instance field '_context' must be initialized. Try adding an initializer expression, or a generative constructor that initializes it, or mark it 'late'. - not_initialized_non_nullable_instance_field
  error - lib/pianoroll/pianoroll.dart:49:14 - A value of type 'Null' can't be assigned to a variable of type '_PianoRollState'. Try changing the type of the variable, or casting the right-hand type to '_PianoRollState'. - invalid_assignment
  error - lib/pianoroll/pianoroll.dart:50:16 - A value of type 'Null' can't be assigned to a variable of type 'PianoRollPainter'. Try changing the type of the variable, or casting the right-hand type to 'PianoRollPainter'. - invalid_assignment
  error - lib/pianoroll/pianoroll.dart:51:16 - A value of type 'Null' can't be assigned to a variable of type 'BuildContext'. Try changing the type of the variable, or casting the right-hand type to 'BuildContext'. - invalid_assignment
  error - lib/pianoroll/pianoroll.dart:87:20 - With null safety, use the 'required' keyword, not the '@required' annotation. Try removing the '@'. - missing_default_value_for_parameter
  error - lib/pianoroll/pianoroll.dart:88:10 - The parameter 'onHover' can't have a value of 'null' because of its type, but the implicit default value is 'null'. Try adding either an explicit non-'null' default value or the 'required' modifier. - missing_default_value_for_parameter
  error - lib/pianoroll/pianoroll.dart:89:10 - The parameter 'onClick' can't have a value of 'null' because of its type, but the implicit default value is 'null'. Try adding either an explicit non-'null' default value or the 'required' modifier. - missing_default_value_for_parameter
  error - lib/pianoroll/pianoroll.dart:90:10 - The parameter 'onSelect' can't have a value of 'null' because of its type, but the implicit default value is 'null'. Try adding either an explicit non-'null' default value or the 'required' modifier. - missing_default_value_for_parameter
  error - lib/pianoroll/pianoroll.dart:91:10 - The parameter 'onKey' can't have a value of 'null' because of its type, but the implicit default value is 'null'. Try adding either an explicit non-'null' default value or the 'required' modifier. - missing_default_value_for_parameter
  error - lib/pianoroll/pianoroll.dart:116:3 - Non-nullable instance field '_firstMouseDownPos' must be initialized. Try adding an initializer expression, or add a field initializer in this constructor, or mark it 'late'. - not_initialized_non_nullable_instance_field
  error - lib/pianoroll/pianoroll.dart:116:3 - Non-nullable instance field '_lastClickTimeDecay' must be initialized. Try adding an initializer expression, or add a field initializer in this constructor, or mark it 'late'. - not_initialized_non_nullable_instance_field
  error - lib/pianoroll/pianoroll.dart:116:3 - Non-nullable instance field 'curMousePos' must be initialized. Try adding an initializer expression, or add a field initializer in this constructor, or mark it 'late'. - not_initialized_non_nullable_instance_field
  error - lib/pianoroll/pianoroll.dart:116:3 - Non-nullable instance field 'currentlyDraggingModule' must be initialized. Try adding an initializer expression, or add a field initializer in this constructor, or mark it 'late'. - not_initialized_non_nullable_instance_field
  error - lib/pianoroll/pianoroll.dart:116:3 - Non-nullable instance field 'lastPointerEvent' must be initialized. Try adding an initializer expression, or add a field initializer in this constructor, or mark it 'late'. - not_initialized_non_nullable_instance_field
  error - lib/pianoroll/pianoroll.dart:116:3 - Non-nullable instance field 'selectionRect' must be initialized. Try adding an initializer expression, or add a field initializer in this constructor, or mark it 'late'. - not_initialized_non_nullable_instance_field
  error - lib/pianoroll/pianoroll.dart:341:35 - The non-nullable local variable 'hitTestPassedModule' must be assigned before it can be used. Try giving it an initializer expression, or ensure that it's assigned on every execution path. - not_assigned_potentially_non_nullable_local_variable
  error - lib/pianoroll/pianoroll.dart:366:39 - The argument type 'num' can't be assigned to the parameter type 'double'.  - argument_type_not_assignable
  error - lib/pianoroll/pianoroll.dart:366:44 - The argument type 'num' can't be assigned to the parameter type 'double'.  - argument_type_not_assignable
  error - lib/pianoroll/pianoroll.dart:366:48 - The argument type 'num' can't be assigned to the parameter type 'double'.  - argument_type_not_assignable
  error - lib/pianoroll/pianoroll.dart:366:54 - The argument type 'num' can't be assigned to the parameter type 'double'.  - argument_type_not_assignable
  error - lib/pianoroll/pianoroll.dart:396:26 - A value of type 'Null' can't be assigned to a variable of type 'PointerEvent'. Try changing the type of the variable, or casting the right-hand type to 'PointerEvent'. - invalid_assignment
  error - lib/pianoroll/pianoroll.dart:400:25 - A value of type 'Null' can't be assigned to a variable of type 'Rect'. Try changing the type of the variable, or casting the right-hand type to 'Rect'. - invalid_assignment
  error - lib/pianoroll/pianoroll.dart:409:33 - A value of type 'Null' can't be assigned to a variable of type 'PianoRollModule'. Try changing the type of the variable, or casting the right-hand type to 'PianoRollModule'. - invalid_assignment
  error - lib/pianoroll/pianoroll.dart:410:26 - A value of type 'Null' can't be assigned to a variable of type 'PointerEvent'. Try changing the type of the variable, or casting the right-hand type to 'PointerEvent'. - invalid_assignment
  error - lib/pianoroll/pianoroll.dart:429:30 - A value of type 'Null' can't be assigned to a variable of type 'Point<num>'. Try changing the type of the variable, or casting the right-hand type to 'Point<num>'. - invalid_assignment
  error - lib/pianoroll/pianoroll.dart:430:31 - A value of type 'Null' can't be assigned to a variable of type 'Timer'. Try changing the type of the variable, or casting the right-hand type to 'Timer'. - invalid_assignment
  error - lib/pianoroll/pianoroll.dart:562:28 - The operator '*' can't be unconditionally invoked because the receiver can be 'null'. Try adding a null check to the target ('!'). - unchecked_use_of_nullable_value
  error - lib/pianoroll/pianoroll.dart:650:18 - A value of type 'String?' can't be assigned to a variable of type 'String'. Try changing the type of the variable, or casting the right-hand type to 'String'. - invalid_assignment
  error - lib/pianoroll/pianoroll.dart:718:43 - A value of type 'Color?' can't be assigned to a variable of type 'Color'. Try changing the type of the variable, or casting the right-hand type to 'Color'. - invalid_assignment
  error - lib/pianoroll/pianoroll.dart:719:49 - A value of type 'Color?' can't be assigned to a variable of type 'Color'. Try changing the type of the variable, or casting the right-hand type to 'Color'. - invalid_assignment
  error - lib/pianoroll/pianoroll.dart:737:41 - A value of type 'Color?' can't be assigned to a variable of type 'Color'. Try changing the type of the variable, or casting the right-hand type to 'Color'. - invalid_assignment
  error - lib/pianoroll/pianoroll.dart:738:38 - A value of type 'Color?' can't be assigned to a variable of type 'Color'. Try changing the type of the variable, or casting the right-hand type to 'Color'. - invalid_assignment
  error - lib/pianoroll/pianoroll.dart:825:40 - A value of type 'Color?' can't be assigned to a variable of type 'Color'. Try changing the type of the variable, or casting the right-hand type to 'Color'. - invalid_assignment
  error - lib/serializable/muon.dart:11:3 - Non-nullable instance field 'duration' must be initialized. Try adding an initializer expression, or add a field initializer in this constructor, or mark it 'late'. - not_initialized_non_nullable_instance_field
  error - lib/serializable/muon.dart:11:3 - Non-nullable instance field 'lyric' must be initialized. Try adding an initializer expression, or add a field initializer in this constructor, or mark it 'late'. - not_initialized_non_nullable_instance_field
  error - lib/serializable/muon.dart:11:3 - Non-nullable instance field 'note' must be initialized. Try adding an initializer expression, or add a field initializer in this constructor, or mark it 'late'. - not_initialized_non_nullable_instance_field
  error - lib/serializable/muon.dart:11:3 - Non-nullable instance field 'octave' must be initialized. Try adding an initializer expression, or add a field initializer in this constructor, or mark it 'late'. - not_initialized_non_nullable_instance_field
  error - lib/serializable/muon.dart:11:3 - Non-nullable instance field 'startAtTime' must be initialized. Try adding an initializer expression, or add a field initializer in this constructor, or mark it 'late'. - not_initialized_non_nullable_instance_field
  error - lib/serializable/muon.dart:27:3 - Non-nullable instance field 'modelName' must be initialized. Try adding an initializer expression, or add a field initializer in this constructor, or mark it 'late'. - not_initialized_non_nullable_instance_field
  error - lib/serializable/muon.dart:27:3 - Non-nullable instance field 'project' must be initialized. Try adding an initializer expression, or add a field initializer in this constructor, or mark it 'late'. - not_initialized_non_nullable_instance_field
  error - lib/serializable/muon.dart:48:3 - Non-nullable instance field 'projectDir' must be initialized. Try adding an initializer expression, or add a field initializer in this constructor, or mark it 'late'. - not_initialized_non_nullable_instance_field
  error - lib/serializable/muon.dart:48:3 - Non-nullable instance field 'projectFileName' must be initialized. Try adding an initializer expression, or add a field initializer in this constructor, or mark it 'late'. - not_initialized_non_nullable_instance_field
  error - lib/serializable/muon.dart:92:12 - A value of type 'Null' can't be returned from the method 'loadFromFile' because it has a return type of 'MuonProject'. - return_of_invalid_type
  error - lib/serializable/muon.dart:100:12 - A value of type 'Null' can't be returned from the method 'loadFromDir' because it has a return type of 'MuonProject'. - return_of_invalid_type
  error - lib/serializable/settings.dart:32:12 - A value of type 'Null' can't be returned from the method 'loadFromFile' because it has a return type of 'MuonSettings'. - return_of_invalid_type
  error - lib/widgets/dialogs/firsttimesetup.dart:23:15 - The method 'RaisedButton' isn't defined for the type 'MuonFirstTimeSetupDialog'. Try correcting the name to the name of an existing method, or defining a method named 'RaisedButton'. - undefined_method
  error - lib/widgets/dialogs/firsttimesetup.dart:45:69 - The getter 'errorColor' isn't defined for the type 'ThemeData'. Try importing the library that defines 'errorColor', correcting the name to the name of an existing getter, or defining a getter or field named 'errorColor'. - undefined_getter
  error - lib/widgets/dialogs/firsttimesetup.dart:73:63 - The getter 'errorColor' isn't defined for the type 'ThemeData'. Try importing the library that defines 'errorColor', correcting the name to the name of an existing getter, or defining a getter or field named 'errorColor'. - undefined_getter
  error - lib/widgets/dialogs/welcome.dart:16:15 - The method 'RaisedButton' isn't defined for the type 'MuonWelcomeDialog'. Try correcting the name to the name of an existing method, or defining a method named 'RaisedButton'. - undefined_method
  error - lib/widgets/dialogs/welcome.dart:26:15 - The method 'RaisedButton' isn't defined for the type 'MuonWelcomeDialog'. Try correcting the name to the name of an existing method, or defining a method named 'RaisedButton'. - undefined_method
  error - lib/widgets/dialogs/welcome.dart:50:11 - The method 'OutlineButton' isn't defined for the type 'MuonWelcomeDialog'. Try correcting the name to the name of an existing method, or defining a method named 'OutlineButton'. - undefined_method
  error - lib/widgets/overlay/actioncontrols.dart:11:9 - The parameter 'key' can't have a value of 'null' because of its type, but the implicit default value is 'null'. Try adding either an explicit non-'null' default value or the 'required' modifier. - missing_default_value_for_parameter
  error - lib/widgets/overlay/actioncontrols.dart:12:20 - With null safety, use the 'required' keyword, not the '@required' annotation. Try removing the '@'. - missing_default_value_for_parameter
  error - lib/widgets/overlay/actioncontrols.dart:13:20 - With null safety, use the 'required' keyword, not the '@required' annotation. Try removing the '@'. - missing_default_value_for_parameter
  error - lib/widgets/overlay/actioncontrols.dart:61:40 - The getter 'buttonColor' isn't defined for the type 'ThemeData'. Try importing the library that defines 'buttonColor', correcting the name to the name of an existing getter, or defining a getter or field named 'buttonColor'. - undefined_getter
  error - lib/widgets/overlay/actioncontrols.dart:61:81 - The getter 'buttonColor' isn't defined for the type 'ThemeData'. Try importing the library that defines 'buttonColor', correcting the name to the name of an existing getter, or defining a getter or field named 'buttonColor'. - undefined_getter
  error - lib/widgets/overlay/actionsmenu.dart:15:9 - The parameter 'key' can't have a value of 'null' because of its type, but the implicit default value is 'null'. Try adding either an explicit non-'null' default value or the 'required' modifier. - missing_default_value_for_parameter
  error - lib/widgets/overlay/appbar.dart:10:9 - The parameter 'key' can't have a value of 'null' because of its type, but the implicit default value is 'null'. Try adding either an explicit non-'null' default value or the 'required' modifier. - missing_default_value_for_parameter
  error - lib/widgets/overlay/projectmetadatamenu.dart:10:9 - The parameter 'key' can't have a value of 'null' because of its type, but the implicit default value is 'null'. Try adding either an explicit non-'null' default value or the 'required' modifier. - missing_default_value_for_parameter
  error - lib/widgets/overlay/projectmetadatamenu.dart:67:42 - A value of type 'num' can't be assigned to a variable of type 'int'. Try changing the type of the variable, or casting the right-hand type to 'int'. - invalid_assignment
  error - lib/widgets/overlay/sidebar.dart:8:9 - The parameter 'key' can't have a value of 'null' because of its type, but the implicit default value is 'null'. Try adding either an explicit non-'null' default value or the 'required' modifier. - missing_default_value_for_parameter
  error - lib/widgets/overlay/voicecontrols.dart:14:9 - The parameter 'key' can't have a value of 'null' because of its type, but the implicit default value is 'null'. Try adding either an explicit non-'null' default value or the 'required' modifier. - missing_default_value_for_parameter
  error - lib/widgets/overlay/voicecontrols.dart:15:20 - With null safety, use the 'required' keyword, not the '@required' annotation. Try removing the '@'. - missing_default_value_for_parameter
  error - lib/widgets/overlay/voicecontrols.dart:95:37 - A value of type 'Null' can't be assigned to a variable of type 'AudioPlayer'. Try changing the type of the variable, or casting the right-hand type to 'AudioPlayer'. - invalid_assignment
  error - lib/widgets/overlay/voicecontrols.dart:110:26 - The getter 'buttonColor' isn't defined for the type 'ThemeData'. Try importing the library that defines 'buttonColor', correcting the name to the name of an existing getter, or defining a getter or field named 'buttonColor'. - undefined_getter
  error - lib/widgets/overlay/voicesmenu.dart:12:9 - The parameter 'key' can't have a value of 'null' because of its type, but the implicit default value is 'null'. Try adding either an explicit non-'null' default value or the 'required' modifier. - missing_default_value_for_parameter
warning - lib/actions/addnote.dart:3:8 - Unused import: 'package:muon/controllers/muonvoice.dart'. Try removing the import directive. - unused_import
warning - lib/actions/addvoice.dart:28:26 - The operand can't be 'null', so the condition is always 'true'. Remove the condition. - unnecessary_null_comparison
warning - lib/actions/base.dart:1:8 - Unused import: 'package:synaps_flutter/synaps_flutter.dart'. Try removing the import directive. - unused_import
warning - lib/actions/deletenote.dart:3:8 - Unused import: 'package:muon/controllers/muonvoice.dart'. Try removing the import directive. - unused_import
warning - lib/actions/pastenote.dart:3:8 - Unused import: 'package:muon/controllers/muonvoice.dart'. Try removing the import directive. - unused_import
warning - lib/actions/removevoice.dart:24:26 - The operand can't be 'null', so the condition is always 'true'. Remove the condition. - unnecessary_null_comparison
warning - lib/actions/renamenote.dart:1:8 - Unused import: 'dart:math'. Try removing the import directive. - unused_import
warning - lib/controllers/muonproject.dart:216:28 - The operand can't be 'null', so the condition is always 'true'. Remove the condition. - unnecessary_null_comparison
warning - lib/controllers/muonproject.dart:248:34 - The operand can't be 'null', so the condition is always 'true'. Remove the condition. - unnecessary_null_comparison
warning - lib/controllers/muonproject.dart:249:44 - The operand can't be 'null', so the condition is always 'true'. Remove the condition. - unnecessary_null_comparison
warning - lib/controllers/muonproject.dart:431:29 - The operand can't be 'null', so the condition is always 'true'. Remove the condition. - unnecessary_null_comparison
warning - lib/controllers/muonproject.dart:451:29 - The operand can't be 'null', so the condition is always 'true'. Remove the condition. - unnecessary_null_comparison
warning - lib/controllers/muonproject.dart:574:19 - The operand can't be 'null', so the condition is always 'true'. Remove the condition. - unnecessary_null_comparison
warning - lib/controllers/muonvoice.dart:74:30 - The operand can't be 'null', so the condition is always 'true'. Remove the condition. - unnecessary_null_comparison
warning - lib/controllers/muonvoice.dart:206:20 - The operand can't be 'null', so the condition is always 'false'. Try removing the condition, an enclosing condition, or the whole conditional statement. - unnecessary_null_comparison
warning - lib/controllers/muonvoice.dart:214:42 - The left operand can't be null, so the right operand is never executed. Try removing the operator and the right operand. - dead_null_aware_expression
warning - lib/controllers/muonvoice.dart:224:30 - The left operand can't be null, so the right operand is never executed. Try removing the operator and the right operand. - dead_null_aware_expression
warning - lib/controllers/muonvoice.dart:235:30 - The left operand can't be null, so the right operand is never executed. Try removing the operator and the right operand. - dead_null_aware_expression
warning - lib/editor.dart:3:8 - Unused import: 'dart:math'. Try removing the import directive. - unused_import
warning - lib/editor.dart:8:8 - Unused import: 'package:muon/controllers/muonnote.dart'. Try removing the import directive. - unused_import
warning - lib/editor.dart:11:8 - Unused import: 'package:muon/logic/japanese.dart'. Try removing the import directive. - unused_import
warning - lib/editor.dart:68:23 - This 'onError' handler must return a value assignable to 'bool?', but ends without returning a value. Try adding a return statement. - body_might_complete_normally_catch_error
warning - lib/editor.dart:103:23 - This 'onError' handler must return a value assignable to 'bool?', but ends without returning a value. Try adding a return statement. - body_might_complete_normally_catch_error
warning - lib/editor.dart:160:26 - The operand can't be 'null', so the condition is always 'true'. Remove the condition. - unnecessary_null_comparison
warning - lib/editor.dart:199:26 - The operand can't be 'null', so the condition is always 'true'. Remove the condition. - unnecessary_null_comparison
warning - lib/editor.dart:216:28 - The operand can't be 'null', so the condition is always 'true'. Remove the condition. - unnecessary_null_comparison
warning - lib/logic/musicxml.dart:340:15 - The operand can't be 'null', so the condition is always 'true'. Remove the condition. - unnecessary_null_comparison
warning - lib/logic/musicxml.dart:349:15 - The operand can't be 'null', so the condition is always 'true'. Remove the condition. - unnecessary_null_comparison
warning - lib/logic/musicxml.dart:412:25 - The operand can't be 'null', so the condition is always 'false'. Try removing the condition, an enclosing condition, or the whole conditional statement. - unnecessary_null_comparison
warning - lib/logic/musicxml.dart:420:21 - The operand can't be 'null', so the condition is always 'true'. Remove the condition. - unnecessary_null_comparison
warning - lib/logic/musicxml.dart:659:7 - Dead code. Try removing the code, or fixing the code before it so that it can be reached. - dead_code
warning - lib/logic/musicxml.dart:662:21 - The declaration 'resolveNoteFallback' isn't referenced. Try removing the declaration of 'resolveNoteFallback'. - unused_element
warning - lib/logic/musicxml.dart:713:21 - The declaration 'resolveNoteFallbackDiscrete' isn't referenced. Try removing the declaration of 'resolveNoteFallbackDiscrete'. - unused_element
warning - lib/logic/musicxml.dart:718:11 - The value of the local variable 'rhsRes' isn't used. Try removing the variable or using it. - unused_local_variable
warning - lib/logic/musicxml.dart:723:7 - Dead code. Try removing the code, or fixing the code before it so that it can be reached. - dead_code
warning - lib/pianoroll/modules/notes.dart:14:8 - Unused import: 'package:muon/editor.dart'. Try removing the import directive. - unused_import
warning - lib/pianoroll/modules/notes.dart:106:21 - The operand can't be 'null', so the condition is always 'true'. Remove the condition. - unnecessary_null_comparison
warning - lib/pianoroll/modules/notes.dart:117:21 - The operand can't be 'null', so the condition is always 'true'. Remove the condition. - unnecessary_null_comparison
warning - lib/pianoroll/modules/notes.dart:145:23 - The operand can't be 'null', so the condition is always 'true'. Remove the condition. - unnecessary_null_comparison
warning - lib/pianoroll/modules/notes.dart:156:23 - The operand can't be 'null', so the condition is always 'true'. Remove the condition. - unnecessary_null_comparison
warning - lib/pianoroll/modules/notes.dart:256:21 - The operand can't be 'null', so the condition is always 'false'. Try removing the condition, an enclosing condition, or the whole conditional statement. - unnecessary_null_comparison
warning - lib/pianoroll/modules/notes.dart:271:31 - The operand can't be 'null', so the condition is always 'false'. Try removing the condition, an enclosing condition, or the whole conditional statement. - unnecessary_null_comparison
warning - lib/pianoroll/modules/notes.dart:340:31 - The operand can't be 'null', so the condition is always 'true'. Remove the condition. - unnecessary_null_comparison
warning - lib/pianoroll/modules/notes.dart:496:19 - The operand can't be 'null', so the condition is always 'true'. Remove the condition. - unnecessary_null_comparison
warning - lib/pianoroll/modules/notes.dart:514:19 - The operand can't be 'null', so the condition is always 'true'. Remove the condition. - unnecessary_null_comparison
warning - lib/pianoroll/modules/notes.dart:534:19 - The operand can't be 'null', so the condition is always 'true'. Remove the condition. - unnecessary_null_comparison
warning - lib/pianoroll/modules/notes.dart:552:19 - The operand can't be 'null', so the condition is always 'true'. Remove the condition. - unnecessary_null_comparison
warning - lib/pianoroll/modules/waila.dart:36:21 - The operand can't be 'null', so the condition is always 'true'. Remove the condition. - unnecessary_null_comparison
warning - lib/pianoroll/pianoroll.dart:13:8 - Unused import: 'package:muon/serializable/muon.dart'. Try removing the import directive. - unused_import
warning - lib/pianoroll/pianoroll.dart:109:3 - The value of the field 'RMB_CLICK' isn't used. Try removing the field, or using it. - unused_field
warning - lib/pianoroll/pianoroll.dart:272:29 - The operand can't be 'null', so the condition is always 'false'. Try removing the condition, an enclosing condition, or the whole conditional statement. - unnecessary_null_comparison
warning - lib/pianoroll/pianoroll.dart:272:61 - The operand can't be 'null', so the condition is always 'false'. Try removing the condition, an enclosing condition, or the whole conditional statement. - unnecessary_null_comparison
warning - lib/pianoroll/pianoroll.dart:279:23 - The operand can't be 'null', so the condition is always 'true'. Remove the condition. - unnecessary_null_comparison
warning - lib/pianoroll/pianoroll.dart:313:31 - The operand can't be 'null', so the condition is always 'false'. Try removing the condition, an enclosing condition, or the whole conditional statement. - unnecessary_null_comparison
warning - lib/pianoroll/pianoroll.dart:368:28 - The operand can't be 'null', so the condition is always 'true'. Remove the condition. - unnecessary_null_comparison
warning - lib/pianoroll/pianoroll.dart:388:26 - The operand can't be 'null', so the condition is always 'true'. Remove the condition. - unnecessary_null_comparison
warning - lib/pianoroll/pianoroll.dart:414:25 - The operand can't be 'null', so the condition is always 'true'. Remove the condition. - unnecessary_null_comparison
warning - lib/pianoroll/pianoroll.dart:475:31 - The operand can't be 'null', so the condition is always 'true'. Remove the condition. - unnecessary_null_comparison
warning - lib/pianoroll/pianoroll.dart:805:22 - The operand can't be 'null', so the condition is always 'true'. Remove the condition. - unnecessary_null_comparison
warning - lib/widgets/dialogs/firsttimesetup.dart:29:37 - This 'onError' handler must return a value assignable to 'String?', but ends without returning a value. Try adding a return statement. - body_might_complete_normally_catch_error
warning - lib/widgets/overlay/actioncontrols.dart:4:8 - Unused import: 'package:synaps_flutter/synaps_flutter.dart'. Try removing the import directive. - unused_import
warning - lib/widgets/overlay/actioncontrols.dart:5:8 - Unused import: 'package:muon/controllers/muonvoice.dart'. Try removing the import directive. - unused_import
warning - lib/widgets/overlay/actioncontrols.dart:7:8 - Unused import: 'package:muon/logic/helpers.dart'. Try removing the import directive. - unused_import
warning - lib/widgets/overlay/actionsmenu.dart:4:8 - Unused import: 'package:file_selector_platform_interface/file_selector_platform_interface.dart'. Try removing the import directive. - unused_import
warning - lib/widgets/overlay/actionsmenu.dart:8:8 - Unused import: 'package:muon/controllers/muonvoice.dart'. Try removing the import directive. - unused_import
warning - lib/widgets/overlay/actionsmenu.dart:10:8 - Unused import: 'package:muon/logic/musicxml.dart'. Try removing the import directive. - unused_import
warning - lib/widgets/overlay/actionsmenu.dart:11:8 - Unused import: 'package:muon/widgets/overlay/voicecontrols.dart'. Try removing the import directive. - unused_import
warning - lib/widgets/overlay/voicecontrols.dart:93:36 - The operand can't be 'null', so the condition is always 'true'. Remove the condition. - unnecessary_null_comparison
warning - lib/widgets/overlay/voicesmenu.dart:66:43 - This 'onError' handler must return a value assignable to 'XFile?', but ends without returning a value. Try adding a return statement. - body_might_complete_normally_catch_error
warning - lib/widgets/overlay/voicesmenu.dart:88:43 - This 'onError' handler must return a value assignable to 'XFile?', but ends without returning a value. Try adding a return statement. - body_might_complete_normally_catch_error
warning - test/widget_test.dart:8:8 - Unused import: 'package:flutter/material.dart'. Try removing the import directive. - unused_import
warning - test/widget_test.dart:9:8 - Unused import: 'package:flutter_test/flutter_test.dart'. Try removing the import directive. - unused_import
warning - test/widget_test.dart:11:8 - Unused import: 'package:muon/main.dart'. Try removing the import directive. - unused_import
   info - lib/editor.dart:6:8 - The import of 'package:flutter/rendering.dart' is unnecessary because all of the used elements are also provided by the import of 'package:flutter/material.dart'. Try removing the import directive. - unnecessary_import
   info - lib/editor.dart:82:42 - 'getSavePath' is deprecated and shouldn't be used. Use getSaveLocation instead. Try replacing the use of the deprecated member with the replacement. - deprecated_member_use
   info - lib/editor.dart:285:29 - 'isControlPressed' is deprecated and shouldn't be used. Use HardwareKeyboard.instance.isControlPressed instead. This feature was deprecated after v3.18.0-2.0.pre. Try replacing the use of the deprecated member with the replacement. - deprecated_member_use
   info - lib/editor.dart:286:31 - 'isKeyPressed' is deprecated and shouldn't be used. Use HardwareKeyboard.instance.isLogicalKeyPressed instead. This feature was deprecated after v3.18.0-2.0.pre. Try replacing the use of the deprecated member with the replacement. - deprecated_member_use
   info - lib/editor.dart:295:36 - 'isKeyPressed' is deprecated and shouldn't be used. Use HardwareKeyboard.instance.isLogicalKeyPressed instead. This feature was deprecated after v3.18.0-2.0.pre. Try replacing the use of the deprecated member with the replacement. - deprecated_member_use
   info - lib/editor.dart:299:36 - 'isKeyPressed' is deprecated and shouldn't be used. Use HardwareKeyboard.instance.isLogicalKeyPressed instead. This feature was deprecated after v3.18.0-2.0.pre. Try replacing the use of the deprecated member with the replacement. - deprecated_member_use
   info - lib/editor.dart:305:29 - 'isKeyPressed' is deprecated and shouldn't be used. Use HardwareKeyboard.instance.isLogicalKeyPressed instead. This feature was deprecated after v3.18.0-2.0.pre. Try replacing the use of the deprecated member with the replacement. - deprecated_member_use
   info - lib/pianoroll/modules/notes.dart:4:8 - The import of 'package:flutter/rendering.dart' is unnecessary because all of the used elements are also provided by the import of 'package:flutter/material.dart'. Try removing the import directive. - unnecessary_import
   info - lib/pianoroll/modules/notes.dart:36:6 - 'required' is deprecated and shouldn't be used. In Dart 2.12 and later, use the built-in `required` keyword to mark a named parameter as required. Try replacing the use of the deprecated member with the replacement. - deprecated_member_use
   info - lib/pianoroll/modules/notes.dart:140:9 - 'RawKeyboard' is deprecated and shouldn't be used. Use HardwareKeyboard instead. This feature was deprecated after v3.18.0-2.0.pre. Try replacing the use of the deprecated member with the replacement. - deprecated_member_use
   info - lib/pianoroll/modules/notes.dart:140:21 - 'instance' is deprecated and shouldn't be used. Use HardwareKeyboard.instance instead. This feature was deprecated after v3.18.0-2.0.pre. Try replacing the use of the deprecated member with the replacement. - deprecated_member_use
   info - lib/pianoroll/modules/notes.dart:276:9 - 'RawKeyboard' is deprecated and shouldn't be used. Use HardwareKeyboard instead. This feature was deprecated after v3.18.0-2.0.pre. Try replacing the use of the deprecated member with the replacement. - deprecated_member_use
   info - lib/pianoroll/modules/notes.dart:276:21 - 'instance' is deprecated and shouldn't be used. Use HardwareKeyboard.instance instead. This feature was deprecated after v3.18.0-2.0.pre. Try replacing the use of the deprecated member with the replacement. - deprecated_member_use
   info - lib/pianoroll/modules/notes.dart:376:10 - 'RawKeyboard' is deprecated and shouldn't be used. Use HardwareKeyboard instead. This feature was deprecated after v3.18.0-2.0.pre. Try replacing the use of the deprecated member with the replacement. - deprecated_member_use
   info - lib/pianoroll/modules/notes.dart:376:22 - 'instance' is deprecated and shouldn't be used. Use HardwareKeyboard.instance instead. This feature was deprecated after v3.18.0-2.0.pre. Try replacing the use of the deprecated member with the replacement. - deprecated_member_use
   info - lib/pianoroll/modules/notes.dart:395:14 - 'RawKeyEvent' is deprecated and shouldn't be used. Use KeyEvent instead. This feature was deprecated after v3.18.0-2.0.pre. Try replacing the use of the deprecated member with the replacement. - deprecated_member_use
   info - lib/pianoroll/modules/notes.dart:396:17 - 'isControlPressed' is deprecated and shouldn't be used. Use HardwareKeyboard.instance.isControlPressed instead. This feature was deprecated after v3.18.0-2.0.pre. Try replacing the use of the deprecated member with the replacement. - deprecated_member_use
   info - lib/pianoroll/modules/notes.dart:399:19 - 'isKeyPressed' is deprecated and shouldn't be used. Use HardwareKeyboard.instance.isLogicalKeyPressed instead. This feature was deprecated after v3.18.0-2.0.pre. Try replacing the use of the deprecated member with the replacement. - deprecated_member_use
   info - lib/pianoroll/modules/notes.dart:408:24 - 'isKeyPressed' is deprecated and shouldn't be used. Use HardwareKeyboard.instance.isLogicalKeyPressed instead. This feature was deprecated after v3.18.0-2.0.pre. Try replacing the use of the deprecated member with the replacement. - deprecated_member_use
   info - lib/pianoroll/modules/notes.dart:408:74 - 'isKeyPressed' is deprecated and shouldn't be used. Use HardwareKeyboard.instance.isLogicalKeyPressed instead. This feature was deprecated after v3.18.0-2.0.pre. Try replacing the use of the deprecated member with the replacement. - deprecated_member_use
   info - lib/pianoroll/modules/notes.dart:411:29 - 'isKeyPressed' is deprecated and shouldn't be used. Use HardwareKeyboard.instance.isLogicalKeyPressed instead. This feature was deprecated after v3.18.0-2.0.pre. Try replacing the use of the deprecated member with the replacement. - deprecated_member_use
   info - lib/pianoroll/modules/notes.dart:441:24 - 'isKeyPressed' is deprecated and shouldn't be used. Use HardwareKeyboard.instance.isLogicalKeyPressed instead. This feature was deprecated after v3.18.0-2.0.pre. Try replacing the use of the deprecated member with the replacement. - deprecated_member_use
   info - lib/pianoroll/modules/notes.dart:452:23 - 'isShiftPressed' is deprecated and shouldn't be used. Use HardwareKeyboard.instance.isShiftPressed instead. This feature was deprecated after v3.18.0-2.0.pre. Try replacing the use of the deprecated member with the replacement. - deprecated_member_use
   info - lib/pianoroll/modules/notes.dart:470:17 - 'isKeyPressed' is deprecated and shouldn't be used. Use HardwareKeyboard.instance.isLogicalKeyPressed instead. This feature was deprecated after v3.18.0-2.0.pre. Try replacing the use of the deprecated member with the replacement. - deprecated_member_use
   info - lib/pianoroll/modules/notes.dart:485:22 - 'isKeyPressed' is deprecated and shouldn't be used. Use HardwareKeyboard.instance.isLogicalKeyPressed instead. This feature was deprecated after v3.18.0-2.0.pre. Try replacing the use of the deprecated member with the replacement. - deprecated_member_use
   info - lib/pianoroll/modules/notes.dart:486:29 - 'isShiftPressed' is deprecated and shouldn't be used. Use HardwareKeyboard.instance.isShiftPressed instead. This feature was deprecated after v3.18.0-2.0.pre. Try replacing the use of the deprecated member with the replacement. - deprecated_member_use
   info - lib/pianoroll/modules/notes.dart:503:22 - 'isKeyPressed' is deprecated and shouldn't be used. Use HardwareKeyboard.instance.isLogicalKeyPressed instead. This feature was deprecated after v3.18.0-2.0.pre. Try replacing the use of the deprecated member with the replacement. - deprecated_member_use
   info - lib/pianoroll/modules/notes.dart:504:29 - 'isShiftPressed' is deprecated and shouldn't be used. Use HardwareKeyboard.instance.isShiftPressed instead. This feature was deprecated after v3.18.0-2.0.pre. Try replacing the use of the deprecated member with the replacement. - deprecated_member_use
   info - lib/pianoroll/modules/notes.dart:523:22 - 'isKeyPressed' is deprecated and shouldn't be used. Use HardwareKeyboard.instance.isLogicalKeyPressed instead. This feature was deprecated after v3.18.0-2.0.pre. Try replacing the use of the deprecated member with the replacement. - deprecated_member_use
   info - lib/pianoroll/modules/notes.dart:524:29 - 'isShiftPressed' is deprecated and shouldn't be used. Use HardwareKeyboard.instance.isShiftPressed instead. This feature was deprecated after v3.18.0-2.0.pre. Try replacing the use of the deprecated member with the replacement. - deprecated_member_use
   info - lib/pianoroll/modules/notes.dart:541:22 - 'isKeyPressed' is deprecated and shouldn't be used. Use HardwareKeyboard.instance.isLogicalKeyPressed instead. This feature was deprecated after v3.18.0-2.0.pre. Try replacing the use of the deprecated member with the replacement. - deprecated_member_use
   info - lib/pianoroll/modules/notes.dart:542:29 - 'isShiftPressed' is deprecated and shouldn't be used. Use HardwareKeyboard.instance.isShiftPressed instead. This feature was deprecated after v3.18.0-2.0.pre. Try replacing the use of the deprecated member with the replacement. - deprecated_member_use
   info - lib/pianoroll/modules/waila.dart:4:8 - The import of 'package:flutter/rendering.dart' is unnecessary because all of the used elements are also provided by the import of 'package:flutter/material.dart'. Try removing the import directive. - unnecessary_import
   info - lib/pianoroll/modules/waila.dart:5:8 - The import of 'package:flutter/services.dart' is unnecessary because all of the used elements are also provided by the import of 'package:flutter/material.dart'. Try removing the import directive. - unnecessary_import
   info - lib/pianoroll/modules/waila.dart:27:14 - 'RawKeyEvent' is deprecated and shouldn't be used. Use KeyEvent instead. This feature was deprecated after v3.18.0-2.0.pre. Try replacing the use of the deprecated member with the replacement. - deprecated_member_use
   info - lib/pianoroll/pianoroll.dart:4:8 - The import of 'package:flutter/foundation.dart' is unnecessary because all of the used elements are also provided by the import of 'package:flutter/material.dart'. Try removing the import directive. - unnecessary_import
   info - lib/pianoroll/pianoroll.dart:7:8 - The import of 'package:flutter/rendering.dart' is unnecessary because all of the used elements are also provided by the import of 'package:flutter/material.dart'. Try removing the import directive. - unnecessary_import
   info - lib/pianoroll/pianoroll.dart:29:72 - 'RawKeyEvent' is deprecated and shouldn't be used. Use KeyEvent instead. This feature was deprecated after v3.18.0-2.0.pre. Try replacing the use of the deprecated member with the replacement. - deprecated_member_use
   info - lib/pianoroll/pianoroll.dart:79:14 - 'RawKeyEvent' is deprecated and shouldn't be used. Use KeyEvent instead. This feature was deprecated after v3.18.0-2.0.pre. Try replacing the use of the deprecated member with the replacement. - deprecated_member_use
   info - lib/pianoroll/pianoroll.dart:87:6 - 'required' is deprecated and shouldn't be used. In Dart 2.12 and later, use the built-in `required` keyword to mark a named parameter as required. Try replacing the use of the deprecated member with the replacement. - deprecated_member_use
   info - lib/pianoroll/pianoroll.dart:167:5 - 'RawKeyboard' is deprecated and shouldn't be used. Use HardwareKeyboard instead. This feature was deprecated after v3.18.0-2.0.pre. Try replacing the use of the deprecated member with the replacement. - deprecated_member_use
   info - lib/pianoroll/pianoroll.dart:167:17 - 'instance' is deprecated and shouldn't be used. Use HardwareKeyboard.instance instead. This feature was deprecated after v3.18.0-2.0.pre. Try replacing the use of the deprecated member with the replacement. - deprecated_member_use
   info - lib/pianoroll/pianoroll.dart:173:5 - 'RawKeyboard' is deprecated and shouldn't be used. Use HardwareKeyboard instead. This feature was deprecated after v3.18.0-2.0.pre. Try replacing the use of the deprecated member with the replacement. - deprecated_member_use
   info - lib/pianoroll/pianoroll.dart:173:17 - 'instance' is deprecated and shouldn't be used. Use HardwareKeyboard.instance instead. This feature was deprecated after v3.18.0-2.0.pre. Try replacing the use of the deprecated member with the replacement. - deprecated_member_use
   info - lib/pianoroll/pianoroll.dart:183:16 - 'RawKeyEvent' is deprecated and shouldn't be used. Use KeyEvent instead. This feature was deprecated after v3.18.0-2.0.pre. Try replacing the use of the deprecated member with the replacement. - deprecated_member_use
   info - lib/pianoroll/pianoroll.dart:184:28 - 'isShiftPressed' is deprecated and shouldn't be used. Use HardwareKeyboard.instance.isShiftPressed instead. This feature was deprecated after v3.18.0-2.0.pre. Try replacing the use of the deprecated member with the replacement. - deprecated_member_use
   info - lib/pianoroll/pianoroll.dart:185:26 - 'isAltPressed' is deprecated and shouldn't be used. Use HardwareKeyboard.instance.isAltPressed instead. This feature was deprecated after v3.18.0-2.0.pre. Try replacing the use of the deprecated member with the replacement. - deprecated_member_use
   info - lib/pianoroll/pianoroll.dart:186:27 - 'isControlPressed' is deprecated and shouldn't be used. Use HardwareKeyboard.instance.isControlPressed instead. This feature was deprecated after v3.18.0-2.0.pre. Try replacing the use of the deprecated member with the replacement. - deprecated_member_use
   info - lib/pianoroll/pianoroll.dart:470:18 - 'RawKeyboardListener' is deprecated and shouldn't be used. Use KeyboardListener instead. This feature was deprecated after v3.18.0-2.0.pre. Try replacing the use of the deprecated member with the replacement. - deprecated_member_use
   info - lib/pianoroll/pianoroll.dart:473:21 - 'RawKeyEvent' is deprecated and shouldn't be used. Use KeyEvent instead. This feature was deprecated after v3.18.0-2.0.pre. Try replacing the use of the deprecated member with the replacement. - deprecated_member_use
   info - lib/pianoroll/pianoroll.dart:764:32 - 'indicatorColor' is deprecated and shouldn't be used. Use TabBarThemeData.indicatorColor instead. This feature was deprecated after v3.28.0-1.0.pre. Try replacing the use of the deprecated member with the replacement. - deprecated_member_use
   info - lib/pianoroll/pianoroll.dart:764:47 - 'withOpacity' is deprecated and shouldn't be used. Use .withValues() to avoid precision loss. Try replacing the use of the deprecated member with the replacement. - deprecated_member_use
   info - lib/pianoroll/pianoroll.dart:807:42 - 'withOpacity' is deprecated and shouldn't be used. Use .withValues() to avoid precision loss. Try replacing the use of the deprecated member with the replacement. - deprecated_member_use
   info - lib/pianoroll/pianoroll.dart:810:36 - 'withOpacity' is deprecated and shouldn't be used. Use .withValues() to avoid precision loss. Try replacing the use of the deprecated member with the replacement. - deprecated_member_use
   info - lib/serializable/muon.dart:9:19 - 'nullable' is deprecated and shouldn't be used. Has no effect. Try replacing the use of the deprecated member with the replacement. - deprecated_member_use
   info - lib/serializable/muon.dart:25:19 - 'nullable' is deprecated and shouldn't be used. Has no effect. Try replacing the use of the deprecated member with the replacement. - deprecated_member_use
   info - lib/serializable/muon.dart:29:12 - 'ignore' is deprecated and shouldn't be used. Use `includeFromJson` and `includeToJson` with a value of `false` instead. Try replacing the use of the deprecated member with the replacement. - deprecated_member_use
   info - lib/serializable/muon.dart:46:19 - 'nullable' is deprecated and shouldn't be used. Has no effect. Try replacing the use of the deprecated member with the replacement. - deprecated_member_use
   info - lib/serializable/muon.dart:51:12 - 'ignore' is deprecated and shouldn't be used. Use `includeFromJson` and `includeToJson` with a value of `false` instead. Try replacing the use of the deprecated member with the replacement. - deprecated_member_use
   info - lib/serializable/muon.dart:55:12 - 'ignore' is deprecated and shouldn't be used. Use `includeFromJson` and `includeToJson` with a value of `false` instead. Try replacing the use of the deprecated member with the replacement. - deprecated_member_use
   info - lib/serializable/settings.dart:8:19 - 'nullable' is deprecated and shouldn't be used. Has no effect. Try replacing the use of the deprecated member with the replacement. - deprecated_member_use
   info - lib/widgets/dialogs/firsttimesetup.dart:26:49 - 'getDirectoryPath' is deprecated and shouldn't be used. Use getDirectoryPathWithOptions instead. Try replacing the use of the deprecated member with the replacement. - deprecated_member_use
   info - lib/widgets/overlay/actioncontrols.dart:12:6 - 'required' is deprecated and shouldn't be used. In Dart 2.12 and later, use the built-in `required` keyword to mark a named parameter as required. Try replacing the use of the deprecated member with the replacement. - deprecated_member_use
   info - lib/widgets/overlay/actioncontrols.dart:13:6 - 'required' is deprecated and shouldn't be used. In Dart 2.12 and later, use the built-in `required` keyword to mark a named parameter as required. Try replacing the use of the deprecated member with the replacement. - deprecated_member_use
   info - lib/widgets/overlay/actioncontrols.dart:64:33 - 'withOpacity' is deprecated and shouldn't be used. Use .withValues() to avoid precision loss. Try replacing the use of the deprecated member with the replacement. - deprecated_member_use
   info - lib/widgets/overlay/actionsmenu.dart:95:39 - 'withOpacity' is deprecated and shouldn't be used. Use .withValues() to avoid precision loss. Try replacing the use of the deprecated member with the replacement. - deprecated_member_use
   info - lib/widgets/overlay/actionsmenu.dart:108:33 - 'withOpacity' is deprecated and shouldn't be used. Use .withValues() to avoid precision loss. Try replacing the use of the deprecated member with the replacement. - deprecated_member_use
   info - lib/widgets/overlay/sidebar.dart:36:33 - 'withOpacity' is deprecated and shouldn't be used. Use .withValues() to avoid precision loss. Try replacing the use of the deprecated member with the replacement. - deprecated_member_use
   info - lib/widgets/overlay/voicecontrols.dart:15:6 - 'required' is deprecated and shouldn't be used. In Dart 2.12 and later, use the built-in `required` keyword to mark a named parameter as required. Try replacing the use of the deprecated member with the replacement. - deprecated_member_use
   info - lib/widgets/overlay/voicecontrols.dart:38:39 - 'withOpacity' is deprecated and shouldn't be used. Use .withValues() to avoid precision loss. Try replacing the use of the deprecated member with the replacement. - deprecated_member_use
   info - lib/widgets/overlay/voicecontrols.dart:56:41 - 'withOpacity' is deprecated and shouldn't be used. Use .withValues() to avoid precision loss. Try replacing the use of the deprecated member with the replacement. - deprecated_member_use
   info - lib/widgets/overlay/voicecontrols.dart:113:33 - 'withOpacity' is deprecated and shouldn't be used. Use .withValues() to avoid precision loss. Try replacing the use of the deprecated member with the replacement. - deprecated_member_use
   info - lib/widgets/overlay/voicesmenu.dart:105:39 - 'withOpacity' is deprecated and shouldn't be used. Use .withValues() to avoid precision loss. Try replacing the use of the deprecated member with the replacement. - deprecated_member_use
   info - lib/widgets/overlay/voicesmenu.dart:118:33 - 'withOpacity' is deprecated and shouldn't be used. Use .withValues() to avoid precision loss. Try replacing the use of the deprecated member with the replacement. - deprecated_member_use

344 issues found.
